[    0.000000] Initializing cgroup subsys cpuset
[    0.000000] Initializing cgroup subsys cpu
[    0.000000] Initializing cgroup subsys cpuacct
[    0.000000] Linux version 4.4.0-53-generic (buildd@lcy01-28) (gcc version 5.4.0 20160609 (Ubuntu 5.4.0-6ubuntu1~16.04.4) ) #74-Ubuntu SMP Fri Dec 2 15:59:10 UTC 2016 (Ubuntu 4.4.0-53.74-generic 4.4.30)
[    0.000000] Command line: BOOT_IMAGE=/boot/vmlinuz-4.4.0-53-generic root=LABEL=cloudimg-rootfs ro console=tty1 console=ttyS0
[    0.000000] KERNEL supported cpus:
[    0.000000]   Intel GenuineIntel
[    0.000000]   AMD AuthenticAMD
[    0.000000]   Centaur CentaurHauls
[    0.000000] x86/fpu: xstate_offset[2]:  576, xstate_sizes[2]:  256
[    0.000000] x86/fpu: Supporting XSAVE feature 0x01: 'x87 floating point registers'
[    0.000000] x86/fpu: Supporting XSAVE feature 0x02: 'SSE registers'
[    0.000000] x86/fpu: Supporting XSAVE feature 0x04: 'AVX registers'
[    0.000000] x86/fpu: Enabled xstate features 0x7, context size is 832 bytes, using 'standard' format.
[    0.000000] x86/fpu: Using 'lazy' FPU context switches.
[    0.000000] e820: BIOS-provided physical RAM map:
[    0.000000] BIOS-e820: [mem 0x0000000000000000-0x000000000009fbff] usable
[    0.000000] BIOS-e820: [mem 0x000000000009fc00-0x000000000009ffff] reserved
[    0.000000] BIOS-e820: [mem 0x00000000000f0000-0x00000000000fffff] reserved
[    0.000000] BIOS-e820: [mem 0x0000000000100000-0x000000003ffeffff] usable
[    0.000000] BIOS-e820: [mem 0x000000003fff0000-0x000000003fffffff] ACPI data
[    0.000000] BIOS-e820: [mem 0x00000000fec00000-0x00000000fec00fff] reserved
[    0.000000] BIOS-e820: [mem 0x00000000fee00000-0x00000000fee00fff] reserved
[    0.000000] BIOS-e820: [mem 0x00000000fffc0000-0x00000000ffffffff] reserved
[    0.000000] NX (Execute Disable) protection: active
[    0.000000] SMBIOS 2.5 present.
[    0.000000] Hypervisor detected: KVM
[    0.000000] e820: last_pfn = 0x3fff0 max_arch_pfn = 0x400000000
[    0.000000] MTRR: Disabled
[    0.000000] x86/PAT: MTRRs disabled, skipping PAT initialization too.
[    0.000000] x86/PAT: Configuration [0-7]: WB  WT  UC- UC  WB  WT  UC- UC  
[    0.000000] CPU MTRRs all blank - virtualized system.
[    0.000000] found SMP MP-table at [mem 0x0009fff0-0x0009ffff] mapped at [ffff88000009fff0]
[    0.000000] Scanning 1 areas for low memory corruption
[    0.000000] RAMDISK: [mem 0x36f3a000-0x37794fff]
[    0.000000] ACPI: Early table checksum verification disabled
[    0.000000] ACPI: RSDP 0x00000000000E0000 000024 (v02 VBOX  )
[    0.000000] ACPI: XSDT 0x000000003FFF0030 00003C (v01 VBOX   VBOXXSDT 00000001 ASL  00000061)
[    0.000000] ACPI: FACP 0x000000003FFF00F0 0000F4 (v04 VBOX   VBOXFACP 00000001 ASL  00000061)
[    0.000000] ACPI: DSDT 0x000000003FFF0470 0022EA (v02 VBOX   VBOXBIOS 00000002 INTL 20100528)
[    0.000000] ACPI: FACS 0x000000003FFF0200 000040
[    0.000000] ACPI: FACS 0x000000003FFF0200 000040
[    0.000000] ACPI: APIC 0x000000003FFF0240 00005C (v02 VBOX   VBOXAPIC 00000001 ASL  00000061)
[    0.000000] ACPI: SSDT 0x000000003FFF02A0 0001CC (v01 VBOX   VBOXCPUT 00000002 INTL 20100528)
[    0.000000] No NUMA configuration found
[    0.000000] Faking a node at [mem 0x0000000000000000-0x000000003ffeffff]
[    0.000000] NODE_DATA(0) allocated [mem 0x3ffeb000-0x3ffeffff]
[    0.000000] kvm-clock: Using msrs 4b564d01 and 4b564d00
[    0.000000] kvm-clock: cpu 0, msr 0:3ffe7001, primary cpu clock
[    0.000000] kvm-clock: using sched offset of 5165750179 cycles
[    0.000000] clocksource: kvm-clock: mask: 0xffffffffffffffff max_cycles: 0x1cd42e4dffb, max_idle_ns: 881590591483 ns
[    0.000000] Zone ranges:
[    0.000000]   DMA      [mem 0x0000000000001000-0x0000000000ffffff]
[    0.000000]   DMA32    [mem 0x0000000001000000-0x000000003ffeffff]
[    0.000000]   Normal   empty
[    0.000000]   Device   empty
[    0.000000] Movable zone start for each node
[    0.000000] Early memory node ranges
[    0.000000]   node   0: [mem 0x0000000000001000-0x000000000009efff]
[    0.000000]   node   0: [mem 0x0000000000100000-0x000000003ffeffff]
[    0.000000] Initmem setup node 0 [mem 0x0000000000001000-0x000000003ffeffff]
[    0.000000] ACPI: PM-Timer IO Port: 0x4008
[    0.000000] IOAPIC[0]: apic_id 2, version 32, address 0xfec00000, GSI 0-23
[    0.000000] ACPI: INT_SRC_OVR (bus 0 bus_irq 0 global_irq 2 dfl dfl)
[    0.000000] ACPI: INT_SRC_OVR (bus 0 bus_irq 9 global_irq 9 low level)
[    0.000000] Using ACPI (MADT) for SMP configuration information
[    0.000000] smpboot: Allowing 2 CPUs, 0 hotplug CPUs
[    0.000000] PM: Registered nosave memory: [mem 0x00000000-0x00000fff]
[    0.000000] PM: Registered nosave memory: [mem 0x0009f000-0x0009ffff]
[    0.000000] PM: Registered nosave memory: [mem 0x000a0000-0x000effff]
[    0.000000] PM: Registered nosave memory: [mem 0x000f0000-0x000fffff]
[    0.000000] e820: [mem 0x40000000-0xfebfffff] available for PCI devices
[    0.000000] Booting paravirtualized kernel on KVM
[    0.000000] clocksource: refined-jiffies: mask: 0xffffffff max_cycles: 0xffffffff, max_idle_ns: 7645519600211568 ns
[    0.000000] setup_percpu: NR_CPUS:256 nr_cpumask_bits:256 nr_cpu_ids:2 nr_node_ids:1
[    0.000000] PERCPU: Embedded 33 pages/cpu @ffff88003fc00000 s98008 r8192 d28968 u1048576
[    0.000000] PV qspinlock hash table entries: 256 (order: 0, 4096 bytes)
[    0.000000] Built 1 zonelists in Node order, mobility grouping on.  Total pages: 257913
[    0.000000] Policy zone: DMA32
[    0.000000] Kernel command line: BOOT_IMAGE=/boot/vmlinuz-4.4.0-53-generic root=LABEL=cloudimg-rootfs ro console=tty1 console=ttyS0
[    0.000000] PID hash table entries: 4096 (order: 3, 32768 bytes)
[    0.000000] Memory: 1004076K/1048120K available (8427K kernel code, 1285K rwdata, 3956K rodata, 1480K init, 1292K bss, 44044K reserved, 0K cma-reserved)
[    0.000000] SLUB: HWalign=64, Order=0-3, MinObjects=0, CPUs=2, Nodes=1
[    0.000000] Hierarchical RCU implementation.
[    0.000000] 	Build-time adjustment of leaf fanout to 64.
[    0.000000] 	RCU restricting CPUs from NR_CPUS=256 to nr_cpu_ids=2.
[    0.000000] RCU: Adjusting geometry for rcu_fanout_leaf=64, nr_cpu_ids=2
[    0.000000] NR_IRQS:16640 nr_irqs:440 16
[    0.000000] Console: colour VGA+ 80x25
[    0.000000] console [tty1] enabled
[    0.000000] console [ttyS0] enabled
[    0.000000] tsc: Detected 2294.688 MHz processor
[    0.677255] Calibrating delay loop (skipped) preset value.. 4589.37 BogoMIPS (lpj=9178752)
[    0.684414] pid_max: default: 32768 minimum: 301
[    0.687619] ACPI: Core revision 20150930
[    0.692532] ACPI: 2 ACPI AML tables successfully acquired and loaded
[    0.702686] Security Framework initialized
[    0.706882] Yama: becoming mindful.
[    0.710381] AppArmor: AppArmor initialized
[    0.714280] Dentry cache hash table entries: 131072 (order: 8, 1048576 bytes)
[    0.721830] Inode-cache hash table entries: 65536 (order: 7, 524288 bytes)
[    0.740887] Mount-cache hash table entries: 2048 (order: 2, 16384 bytes)
[    0.746985] Mountpoint-cache hash table entries: 2048 (order: 2, 16384 bytes)
[    0.753131] Initializing cgroup subsys io
[    0.755900] Initializing cgroup subsys memory
[    0.759666] Initializing cgroup subsys devices
[    0.766963] Initializing cgroup subsys freezer
[    0.772513] Initializing cgroup subsys net_cls
[    0.777165] Initializing cgroup subsys perf_event
[    0.786574] Initializing cgroup subsys net_prio
[    0.791090] Initializing cgroup subsys hugetlb
[    0.799737] Initializing cgroup subsys pids
[    0.813252] CPU: Physical Processor ID: 0
[    0.817648] CPU: Processor Core ID: 0
[    0.825242] mce: CPU supports 0 MCE banks
[    0.841535] Last level iTLB entries: 4KB 1024, 2MB 1024, 4MB 1024
[    0.856520] Last level dTLB entries: 4KB 1024, 2MB 1024, 4MB 1024, 1GB 4
[    0.886667] Freeing SMP alternatives memory: 32K (ffffffff820b5000 - ffffffff820bd000)
[    0.923758] ftrace: allocating 32053 entries in 126 pages
[    1.056486] smpboot: Max logical packages: 1
[    1.060695] smpboot: APIC(0) Converting physical 0 to logical package 0
[    1.068484] x2apic enabled
[    1.071723] Switched APIC routing to physical x2apic.
[    1.078555] ..TIMER: vector=0x30 apic1=0 pin1=2 apic2=-1 pin2=-1
[    1.188552] smpboot: CPU0: Intel(R) Core(TM) i7-4850HQ CPU @ 2.30GHz (family: 0x6, model: 0x46, stepping: 0x1)
[    1.207598] Performance Events: unsupported p6 CPU model 70 no PMU driver, software events only.
[    1.221979] KVM setup paravirtual spinlock
[    1.229758] x86: Booting SMP configuration:
[    1.235999] .... node  #0, CPUs:      #1
[    1.241406] kvm-clock: cpu 1, msr 0:3ffe7041, secondary cpu clock
[    1.255235] mce: CPU supports 0 MCE banks
[    1.279453] x86: Booted up 1 node, 2 CPUs
[    1.284458] smpboot: Total of 2 processors activated (9178.75 BogoMIPS)
[    1.293919] devtmpfs: initialized
[    1.305397] evm: security.selinux
[    1.314320] evm: security.SMACK64
[    1.317003] evm: security.SMACK64EXEC
[    1.320142] evm: security.SMACK64TRANSMUTE
[    1.323781] evm: security.SMACK64MMAP
[    1.330474] evm: security.ima
[    1.334744] evm: security.capability
[    1.342015] clocksource: jiffies: mask: 0xffffffff max_cycles: 0xffffffff, max_idle_ns: 7645041785100000 ns
[    1.352233] pinctrl core: initialized pinctrl subsystem
[    1.357404] RTC time: 13:58:51, date: 12/06/19
[    1.368368] NET: Registered protocol family 16
[    1.385118] cpuidle: using governor ladder
[    1.400939] cpuidle: using governor menu
[    1.407166] PCCT header not found.
[    1.410322] ACPI: bus type PCI registered
[    1.416746] acpiphp: ACPI Hot Plug PCI Controller Driver version: 0.5
[    1.429452] PCI: Using configuration type 1 for base access
[    1.455021] ACPI: Added _OSI(Module Device)
[    1.461100] ACPI: Added _OSI(Processor Device)
[    1.467558] ACPI: Added _OSI(3.0 _SCP Extensions)
[    1.485270] ACPI: Added _OSI(Processor Aggregator Device)
[    1.498839] ACPI: Executed 1 blocks of module-level executable AML code
[    1.522973] ACPI: Interpreter enabled
[    1.554758] ACPI: (supports S0 S5)
[    1.570076] ACPI: Using IOAPIC for interrupt routing
[    1.588153] PCI: Using host bridge windows from ACPI; if necessary, use "pci=nocrs" and report a bug
[    1.627016] ACPI: PCI Root Bridge [PCI0] (domain 0000 [bus 00-ff])
[    1.643913] acpi PNP0A03:00: _OSC: OS supports [ASPM ClockPM Segments MSI]
[    1.664189] acpi PNP0A03:00: _OSC: not requesting OS control; OS requires [ExtendedConfig ASPM ClockPM MSI]
[    1.684663] acpi PNP0A03:00: fail to add MMCONFIG information, can't access extended PCI configuration space under this bridge.
[    1.714483] PCI host bridge to bus 0000:00
[    1.719576] pci_bus 0000:00: root bus resource [io  0x0000-0x0cf7 window]
[    1.725836] pci_bus 0000:00: root bus resource [io  0x0d00-0xffff window]
[    1.735454] pci_bus 0000:00: root bus resource [mem 0x000a0000-0x000bffff window]
[    1.747035] pci_bus 0000:00: root bus resource [mem 0x40000000-0xfdffffff window]
[    1.757346] pci_bus 0000:00: root bus resource [bus 00-ff]
[    1.784589] pci 0000:00:01.1: legacy IDE quirk: reg 0x10: [io  0x01f0-0x01f7]
[    1.791043] pci 0000:00:01.1: legacy IDE quirk: reg 0x14: [io  0x03f6]
[    1.803505] pci 0000:00:01.1: legacy IDE quirk: reg 0x18: [io  0x0170-0x0177]
[    1.815357] pci 0000:00:01.1: legacy IDE quirk: reg 0x1c: [io  0x0376]
[    1.888074] pci 0000:00:07.0: quirk: [io  0x4000-0x403f] claimed by PIIX4 ACPI
[    1.900158] pci 0000:00:07.0: quirk: [io  0x4100-0x410f] claimed by PIIX4 SMB
[    1.938111] ACPI: PCI Interrupt Link [LNKA] (IRQs 5 9 10 *11)
[    1.987620] ACPI: PCI Interrupt Link [LNKB] (IRQs 5 9 *10 11)
[    2.008088] ACPI: PCI Interrupt Link [LNKC] (IRQs 5 *9 10 11)
[    2.017209] ACPI: PCI Interrupt Link [LNKD] (IRQs 5 9 10 *11)
[    2.021475] ACPI: Enabled 2 GPEs in block 00 to 07
[    2.024895] vgaarb: setting as boot device: PCI:0000:00:02.0
[    2.030512] vgaarb: device added: PCI:0000:00:02.0,decodes=io+mem,owns=io+mem,locks=none
[    2.042699] vgaarb: loaded
[    2.045567] vgaarb: bridge control possible 0000:00:02.0
[    2.050785] SCSI subsystem initialized
[    2.054740] ACPI: bus type USB registered
[    2.057353] usbcore: registered new interface driver usbfs
[    2.060584] usbcore: registered new interface driver hub
[    2.065804] usbcore: registered new device driver usb
[    2.070844] PCI: Using ACPI for IRQ routing
[    2.082847] NetLabel: Initializing
[    2.085336] NetLabel:  domain hash size = 128
[    2.088571] NetLabel:  protocols = UNLABELED CIPSOv4
[    2.092311] NetLabel:  unlabeled traffic allowed by default
[    2.098745] amd_nb: Cannot enumerate AMD northbridges
[    2.103888] clocksource: Switched to clocksource kvm-clock
[    2.125631] AppArmor: AppArmor Filesystem Enabled
[    2.132158] pnp: PnP ACPI init
[    2.139503] pnp: PnP ACPI: found 3 devices
[    2.165299] clocksource: acpi_pm: mask: 0xffffff max_cycles: 0xffffff, max_idle_ns: 2085701024 ns
[    2.176998] NET: Registered protocol family 2
[    2.183280] TCP established hash table entries: 8192 (order: 4, 65536 bytes)
[    2.187347] TCP bind hash table entries: 8192 (order: 5, 131072 bytes)
[    2.191933] TCP: Hash tables configured (established 8192 bind 8192)
[    2.196845] UDP hash table entries: 512 (order: 2, 16384 bytes)
[    2.203527] UDP-Lite hash table entries: 512 (order: 2, 16384 bytes)
[    2.213299] NET: Registered protocol family 1
[    2.217418] pci 0000:00:00.0: Limiting direct PCI/PCI transfers
[    2.222551] pci 0000:00:01.0: Activating ISA DMA hang workarounds
[    2.231172] Trying to unpack rootfs image as initramfs...
[    5.629570] Freeing initrd memory: 8556K (ffff880036f3a000 - ffff880037795000)
[    5.641019] platform rtc_cmos: registered platform RTC device (no PNP device found)
[    5.655205] Scanning for low memory corruption every 60 seconds
[    5.663738] futex hash table entries: 512 (order: 3, 32768 bytes)
[    5.679764] audit: initializing netlink subsys (disabled)
[    5.693530] audit: type=2000 audit(1575640740.801:1): initialized
[    5.705121] Initialise system trusted keyring
[    5.721533] HugeTLB registered 2 MB page size, pre-allocated 0 pages
[    5.738931] zbud: loaded
[    5.743298] VFS: Disk quotas dquot_6.6.0
[    5.750564] VFS: Dquot-cache hash table entries: 512 (order 0, 4096 bytes)
[    5.758620] squashfs: version 4.0 (2009/01/31) Phillip Lougher
[    5.769896] fuse init (API version 7.23)
[    5.785299] Key type big_key registered
[    5.792824] Allocating IMA MOK and blacklist keyrings.
[    5.819376] Key type asymmetric registered
[    5.825416] Asymmetric key parser 'x509' registered
[    5.837732] Block layer SCSI generic (bsg) driver version 0.4 loaded (major 249)
[    5.852770] io scheduler noop registered
[    5.857692] io scheduler deadline registered (default)
[    5.864634] io scheduler cfq registered
[    5.872938] pci_hotplug: PCI Hot Plug PCI Core version: 0.5
[    5.885412] pciehp: PCI Express Hot Plug Controller Driver version: 0.4
[    5.894051] ACPI: AC Adapter [AC] (on-line)
[    5.900196] input: Power Button as /devices/LNXSYSTM:00/LNXPWRBN:00/input/input0
[    5.916679] ACPI: Power Button [PWRF]
[    5.928492] input: Sleep Button as /devices/LNXSYSTM:00/LNXSLPBN:00/input/input1
[    5.942374] ACPI: Sleep Button [SLPF]
[    5.949891] GHES: HEST is not enabled!
[    5.954817] Serial: 8250/16550 driver, 32 ports, IRQ sharing enabled
[    5.956542] ACPI: Battery Slot [BAT0] (battery present)
 00:02: ttyS0 at I/O 0x3f8 (irq = 4, base_baud = 115200) is a 16550A
[    6.640055] tsc: Refined TSC clocksource calibration: 2293.348 MHz
[    6.640058] clocksource: tsc: mask: 0xffffffffffffffff max_cycles: 0x210ea910add, max_idle_ns: 440795202126 ns
[    6.653001] Linux agpgart interface v0.103
[    6.663587] brd: module loaded
[    6.669242] loop: module loaded
[    6.673662] scsi host0: ata_piix
[    6.677029] scsi host1: ata_piix
[    6.685674] ata1: PATA max UDMA/33 cmd 0x1f0 ctl 0x3f6 bmdma 0xd000 irq 14
[    6.690509] ata2: PATA max UDMA/33 cmd 0x170 ctl 0x376 bmdma 0xd008 irq 15
[    6.694797] libphy: Fixed MDIO Bus: probed
[    6.697369] tun: Universal TUN/TAP device driver, 1.6
[    6.699794] tun: (C) 1999-2004 Max Krasnyansky <maxk@qualcomm.com>
[    6.704683] PPP generic driver version 2.4.2
[    6.708237] ehci_hcd: USB 2.0 'Enhanced' Host Controller (EHCI) Driver
[    6.713370] ehci-pci: EHCI PCI platform driver
[    6.716647] ehci-platform: EHCI generic platform driver
[    6.720797] ohci_hcd: USB 1.1 'Open' Host Controller (OHCI) Driver
[    6.725571] ohci-pci: OHCI PCI platform driver
[    6.729626] ohci-platform: OHCI generic platform driver
[    6.734732] uhci_hcd: USB Universal Host Controller Interface driver
[    6.744958] i8042: PNP: PS/2 Controller [PNP0303:PS2K,PNP0f03:PS2M] at 0x60,0x64 irq 1,12
[    6.750350] serio: i8042 KBD port at 0x60,0x64 irq 1
[    6.755235] serio: i8042 AUX port at 0x60,0x64 irq 12
[    6.758599] mousedev: PS/2 mouse device common for all mice
[    6.763035] rtc_cmos rtc_cmos: rtc core: registered rtc_cmos as rtc0
[    6.768281] rtc_cmos rtc_cmos: alarms up to one day, 114 bytes nvram
[    6.774025] input: AT Translated Set 2 keyboard as /devices/platform/i8042/serio0/input/input2
[    6.776213] i2c /dev entries driver
[    6.776357] device-mapper: uevent: version 1.0.3
[    6.783389] device-mapper: ioctl: 4.34.0-ioctl (2015-10-28) initialised: dm-devel@redhat.com
[    6.783421] ledtrig-cpu: registered to indicate activity on CPUs
[    6.788898] NET: Registered protocol family 10
[    6.789319] NET: Registered protocol family 17
[    6.789335] Key type dns_resolver registered
[    6.789710] microcode: CPU0 sig=0x40661, pf=0x40, revision=0x0
[    6.791031] microcode: CPU1 sig=0x40661, pf=0x40, revision=0x0
[    6.791156] microcode: Microcode Update Driver: v2.01 <tigran@aivazian.fsnet.co.uk>, Peter Oruba
[    6.791473] registered taskstats version 1
[    6.791502] Loading compiled-in X.509 certificates
[    6.793305] Loaded X.509 cert 'Build time autogenerated kernel key: e9dbd2fef92418dc580496786c7b3d419aa7d17d'
[    6.793361] zswap: loaded using pool lzo/zbud
[    6.797268] Key type trusted registered
[    6.808433] Key type encrypted registered
[    6.808444] AppArmor: AppArmor sha1 policy hashing enabled
[    6.808449] ima: No TPM chip found, activating TPM-bypass!
[    6.808480] evm: HMAC attrs: 0x1
[    6.809817]   Magic number: 15:308:988
[    6.809823] machinecheck machinecheck1: hash matches
[    6.810641] rtc_cmos rtc_cmos: setting system clock to 2019-12-06 13:58:56 UTC (1575640736)
[    6.810822] BIOS EDD facility v0.16 2004-Jun-25, 0 devices found
[    6.810823] EDD information not available.
[    6.895221] Freeing unused kernel memory: 1480K (ffffffff81f43000 - ffffffff820b5000)
[    6.899097] Write protecting the kernel read-only data: 14336k
[    6.903732] Freeing unused kernel memory: 1800K (ffff88000183e000 - ffff880001a00000)
[    6.908415] Freeing unused kernel memory: 140K (ffff880001ddd000 - ffff880001e00000)
Loading, please wait...
starting version 229
[    6.949005] random: systemd-udevd: uninitialized urandom read (16 bytes read, 3 bits of entropy available)
[    6.950840] random: udevadm: uninitialized urandom read (16 bytes read, 3 bits of entropy available)
[    6.950930] random: udevadm: uninitialized urandom read (16 bytes read, 3 bits of entropy available)
[    6.951397] random: udevadm: uninitialized urandom read (16 bytes read, 3 bits of entropy available)
[    6.951572] random: udevadm: uninitialized urandom read (16 bytes read, 3 bits of entropy available)
[    6.951705] random: udevadm: uninitialized urandom read (16 bytes read, 3 bits of entropy available)
[    6.951818] random: udevadm: uninitialized urandom read (16 bytes read, 3 bits of entropy available)
[    6.951922] random: udevadm: uninitialized urandom read (16 bytes read, 3 bits of entropy available)
[    6.952266] random: udevadm: uninitialized urandom read (16 bytes read, 3 bits of entropy available)
[    6.952331] random: udevadm: uninitialized urandom read (16 bytes read, 3 bits of entropy available)
[    7.062963] Fusion MPT base driver 3.04.20
[    7.069093] Copyright (c) 1999-2008 LSI Corporation
[    7.073448] e1000: Intel(R) PRO/1000 Network Driver - version 7.3.21-k8-NAPI
[    7.081054] e1000: Copyright (c) 1999-2006 Intel Corporation.
[    7.116637] Fusion MPT SPI Host driver 3.04.20
[    7.210643] AVX2 version of gcm_enc/dec engaged.
[    7.221145] AES CTR mode by8 optimization enabled
[    7.297006] input: ImExPS/2 Generic Explorer Mouse as /devices/platform/i8042/serio1/input/input4
[    7.899163] e1000 0000:00:03.0 eth0: (PCI:33MHz:32-bit) 02:fc:3e:21:ea:fe
[    7.903205] e1000 0000:00:03.0 eth0: Intel(R) PRO/1000 Network Connection
[    7.908060] mptbase: ioc0: Initiating bringup
[    7.972234] ioc0: LSI53C1030 A0: Capabilities={Initiator}
[    8.143837] scsi host2: ioc0: LSI53C1030 A0, FwRev=00000000h, Ports=1, MaxQ=256, IRQ=20
[    8.261129] scsi 2:0:0:0: Direct-Access     VBOX     HARDDISK         1.0  PQ: 0 ANSI: 5
[    8.268919] scsi target2:0:0: Beginning Domain Validation
[    8.277671] scsi target2:0:0: Domain Validation skipping write tests
[    8.288012] scsi target2:0:0: Ending Domain Validation
[    8.292692] scsi target2:0:0: asynchronous
[    8.334477] scsi 2:0:1:0: Direct-Access     VBOX     HARDDISK         1.0  PQ: 0 ANSI: 5
[    8.342207] scsi target2:0:1: Beginning Domain Validation
[    8.349659] scsi target2:0:1: Domain Validation skipping write tests
[    8.353927] scsi target2:0:1: Ending Domain Validation
[    8.357766] scsi target2:0:1: asynchronous
[    8.557631] sd 2:0:0:0: [sda] 20971520 512-byte logical blocks: (10.7 GB/10.0 GiB)
[    8.568201] sd 2:0:0:0: Attached scsi generic sg0 type 0
[    8.581972] sd 2:0:0:0: [sda] Write Protect is off
[    8.591704] sd 2:0:0:0: [sda] Incomplete mode parameter data
[    8.596749] sd 2:0:0:0: [sda] Assuming drive cache: write through
[    8.601018] sd 2:0:1:0: Attached scsi generic sg1 type 0
[    8.617886] sd 2:0:1:0: [sdb] 20480 512-byte logical blocks: (10.5 MB/10.0 MiB)
[    8.629112] sd 2:0:1:0: [sdb] Write Protect is off
[    8.633833] sd 2:0:1:0: [sdb] Incomplete mode parameter data
[    8.639369] sd 2:0:1:0: [sdb] Assuming drive cache: write through
[    8.654413]  sda: sda1
[    8.664135] sd 2:0:0:0: [sda] Attached SCSI disk
[    8.692391] sd 2:0:1:0: [sdb] Attached SCSI disk
[    9.052110] e1000 0000:00:08.0 eth1: (PCI:33MHz:32-bit) 08:00:27:c8:d0:e9
[    9.055439] e1000 0000:00:08.0 eth1: Intel(R) PRO/1000 Network Connection
[    9.060741] e1000 0000:00:03.0 enp0s3: renamed from eth0
[    9.076604] e1000 0000:00:08.0 enp0s8: renamed from eth1
[   10.113177] floppy0: no floppy controllers found
Begin: Loading essential drivers ... [   11.851346] md: linear personality registered for level -1
[   11.860386] md: multipath personality registered for level -4
[   11.869350] md: raid0 personality registered for level 0
[   11.886535] md: raid1 personality registered for level 1
[   11.968098] raid6: sse2x1   gen()  2430 MB/s
[   12.036154] raid6: sse2x1   xor()  1625 MB/s
[   12.108039] raid6: sse2x2   gen()  3041 MB/s
[   12.176113] raid6: sse2x2   xor()  3092 MB/s
[   12.244351] raid6: sse2x4   gen()  4829 MB/s
[   12.317669] raid6: sse2x4   xor()  1773 MB/s
[   12.391905] raid6: avx2x1   gen()  3915 MB/s
[   12.460728] raid6: avx2x2   gen()  4703 MB/s
[   12.532101] raid6: avx2x4   gen()  7596 MB/s
[   12.535284] raid6: using algorithm avx2x4 gen() 7596 MB/s
[   12.538859] raid6: using avx2x2 recovery algorithm
[   12.550455] xor: automatically using best checksumming function:
[   12.592114]    avx       : 10134.000 MB/sec
[   12.597551] async_tx: api initialized (async)
[   12.615943] md: raid6 personality registered for level 6
[   12.619369] md: raid5 personality registered for level 5
[   12.622785] md: raid4 personality registered for level 4
[   12.635699] md: raid10 personality registered for level 10
done.
Begin: Running /scripts/init-premount ... done.
Begin: Mounting root file system ... Begin: Running /scripts/local-top ... done.
Begin: Running /scripts/local-premount ... [   12.698817] Btrfs loaded
Scanning for Btrfs filesystems
done.
Warning: fsck not present, so skipping root file system
[   12.778539] EXT4-fs (sda1): mounted filesystem with ordered data mode. Opts: (null)
done.
Begin: Running /scripts/local-bottom ... done.
Begin: Running /scripts/init-bottom ... Warning: overlayroot: debug is busted
done.
[   13.016419] systemd[1]: systemd 229 running in system mode. (+PAM +AUDIT +SELINUX +IMA +APPARMOR +SMACK +SYSVINIT +UTMP +LIBCRYPTSETUP +GCRYPT +GNUTLS +ACL +XZ -LZ4 +SECCOMP +BLKID +ELFUTILS +KMOD -IDN)
[   13.024583] systemd[1]: Detected virtualization oracle.
[   13.026818] systemd[1]: Detected architecture x86-64.

Welcome to [1mUbuntu 16.04.1 LTS[0m!

[   13.045443] systemd[1]: Set hostname to <ubuntu>.
[   13.053188] systemd[1]: Initializing machine ID from random generator.
[   13.057065] systemd[1]: Installed transient /etc/machine-id file.
[   13.289132] systemd[1]: Listening on udev Control Socket.
[[0;32m  OK  [0m] Listening on udev Control Socket.
[   13.301495] systemd[1]: Created slice System Slice.
[[0;32m  OK  [0m] Created slice System Slice.
[   13.307458] systemd[1]: Created slice system-serial\x2dgetty.slice.
[[0;32m  OK  [0m] Created slice system-serial\x2dgetty.slice.
[   13.314628] systemd[1]: Listening on LVM2 poll daemon socket.
[[0;32m  OK  [0m] Listening on LVM2 poll daemon socket.
[   13.319414] systemd[1]: Listening on Device-mapper event daemon FIFOs.
[[0;32m  OK  [0m] Listening on Device-mapper event daemon FIFOs.
[   13.326708] systemd[1]: Listening on LVM2 metadata daemon socket.
[[0;32m  OK  [0m] Listening on LVM2 metadata daemon socket.
[   13.333937] systemd[1]: Set up automount Arbitrary Executable File Formats File System Automount Point.
[[0;32m  OK  [0m] Set up automount Arbitrary Executab...ats File System Automount Point.
[   13.343958] systemd[1]: Listening on udev Kernel Socket.
[[0;32m  OK  [0m] Listening on udev Kernel Socket.
[   13.349747] systemd[1]: Listening on Journal Socket.
[[0;32m  OK  [0m] Listening on Journal Socket.
[   13.368283] systemd[1]: Starting Set console keymap...
         Starting Set console keymap...
[   13.376972] systemd[1]: Starting Monitoring of LVM2 mirrors, snapshots etc. using dmeventd or progress polling...
         Starting Monitoring of LVM2 mirrors... dmeventd or progress polling...
[   13.390940] systemd[1]: Starting Remount Root and Kernel File Systems...
         Starting Remount Root and Kernel File Systems...
[   13.404197] systemd[1]: Starting Create list of required static device nodes for the current kernel...
[   13.411664] EXT4-fs (sda1): re-mounted. Opts: (null)
         Starting Create list of required st... nodes for the current kernel...
[   13.422421] systemd[1]: Mounting POSIX Message Queue File System...
         Mounting POSIX Message Queue File System...
[   13.431627] systemd[1]: Starting Nameserver information manager...
         Starting Nameserver information manager...
[   13.439141] systemd[1]: Created slice User and Session Slice.
[[0;32m  OK  [0m] Created slice User and Session Slice.
[   13.444849] systemd[1]: Reached target Slices.
[[0;32m  OK  [0m] Reached target Slices.
[   13.450164] systemd[1]: Listening on Journal Socket (/dev/log).
[[0;32m  OK  [0m] Listening on Journal Socket (/dev/log).
[   13.465130] systemd[1]: Listening on /dev/initctl Compatibility Named Pipe.
[[0;32m  OK  [0m] Listening on /dev/initctl Compatibility Named Pipe.
[   13.476732] systemd[1]: Started Forward Password Requests to Wall Directory Watch.
[[0;32m  OK  [0m] Started Forward Password Requests to Wall Directory Watch.
[   13.486881] systemd[1]: Listening on Journal Audit Socket.
[[0;32m  OK  [0m] Listening on Journal Audit Socket.
[   13.500757] systemd[1]: Reached target Encrypted Volumes.
[[0;32m  OK  [0m] Reached target Encrypted Volumes.
[   13.520447] systemd[1]: Starting Uncomplicated firewall...
         Starting Uncomplicated firewall...
[   13.529223] systemd[1]: Mounting Debug File System...
         Mounting Debug File System...
[   13.545504] systemd[1]: Reached target Swap.
[[0;32m  OK  [0m] Reached target Swap.
[   13.576374] systemd[1]: Mounting Huge Pages File System...
         Mounting Huge Pages File System...
[   13.596494] systemd[1]: Listening on Syslog Socket.
[[0;32m  OK  [0m] Listening on Syslog Socket.
[   13.611388] systemd[1]: Starting Journal Service...
         Starting Journal Service...
[   13.633530] systemd[1]: Starting Load Kernel Modules...
         Starting Load Kernel Modules...
[   13.642788] systemd[1]: Reached target User and Group Name Lookups.
[[0;32m  OK  [0m] Reached target User and Group Name Lookups.
[   13.675679] Loading iSCSI transport class v2.0-870.
[   13.677050] systemd[1]: Mounted Huge Pages File System.
[[0;32m  OK  [0m] Mounted Huge Pages File System.
[   13.700504] systemd[1]: Mounted Debug File System.
[[0;32m  OK  [0m] Mounted Debug File System.
[   13.711744] systemd[1]: Mounted POSIX Message Queue File System.
[[0;32m  OK  [0m] Mounted POSIX Message Queue File System.
[   13.731339] iscsi: registered transport (tcp)
[   13.735238] systemd[1]: Started Set console keymap.
[[0;32m  OK  [0m] Started Set console keymap.
[   13.749054] systemd[1]: Started Remount Root and Kernel File Systems.
[[0;32m  OK  [0m] Started Remount Root and Kernel File Systems.
[   13.761787] systemd[1]: Started Create list of required static device nodes for the current kernel.
[[0;32m  OK  [0m] Started Create list of required sta...ce nodes for the current kernel.
[   13.785207] systemd[1]: Started Uncomplicated firewall.
[[0;32m  OK  [0m] Started Uncomplicated firewall.
[   13.797042] systemd[1]: Started Journal Service.
[[0;32m  OK  [0m] Started Journal Service.
[[0;32m  OK  [0m] Started Nameserver information manager.
[   13.815372] iscsi: registered transport (iser)
[[0;32m  OK  [0m] Started Load Kernel Modules.
         Starting Apply Kernel Variables...
         Mounting FUSE Control File System...
[[0;32m  OK  [0m] Started LVM2 metadata daemon.
         Starting Create Static Device Nodes in /dev...
         Starting Initial cloud-init job (pre-networking)...
         Starting Flush Journal to Persistent Storage...
         Starting Load/Save Random Seed...
         Starting udev Coldplug all Devices...
[[0;32m  OK  [0m] Mounted FUSE Control File System.
[[0;32m  OK  [0m] Started Apply Kernel Variables.
[[0;32m  OK  [0m] Started Load/Save Random Seed.
[[0;32m  OK  [0m] Started Create Static Device Nodes in /dev.
[[0;32m  OK  [0m] Started Flush Journal to Persistent Storage.
         Starting udev Kernel Device Manager...
[[0;32m  OK  [0m] Started udev Coldplug all Devices.
[[0;32m  OK  [0m] Started udev Kernel Device Manager.
[[0;32m  OK  [0m] Started Dispatch Password Requests to Console Directory Watch.
[[0;32m  OK  [0m] Started Monitoring of LVM2 mirrors,...ng dmeventd or progress polling.
[[0;32m  OK  [0m] Reached target Local File Systems (Pre).
[[0;32m  OK  [0m] Reached target Local File Systems.
         Starting Tell Plymouth To Write Out Runtime Data...
         Starting LSB: AppArmor initialization...
         Starting Create Volatile Files and Directories...
         Starting Run snappy firstboot setup...
         Starting Commit a transient machine-id on disk...
         Starting Set console font and keymap...
[[0;32m  OK  [0m] Started Tell Plymouth To Write Out Runtime Data.
[[0;32m  OK  [0m] Started Create Volatile Files and Directories.
[[0;32m  OK  [0m] Started Commit a transient machine-id on disk.
[[0;32m  OK  [0m] Reached target System Time Synchronized.
         Starting Update UTMP about System Boot/Shutdown...
[[0;32m  OK  [0m] Started Run snappy firstboot setup.
[[0;32m  OK  [0m] Started Update UTMP about System Boot/Shutdown.
[[0;32m  OK  [0m] Found device /dev/ttyS0.
[[0;32m  OK  [0m] Listening on Load/Save RF Kill Switch Status /dev/rfkill Watch.
[[0;32m  OK  [0m] Started Set console font and keymap.
[   16.038713] cloud-init[476]: Cloud-init v. 0.7.8 running 'init-local' at Fri, 06 Dec 2019 13:59:06 +0000. Up 15.09 seconds.
[[0;32m  OK  [0m] Started Initial cloud-init job (pre-networking).
[[0;32m  OK  [0m] Started LSB: AppArmor initialization.
[[0;32m  OK  [0m] Reached target Network (Pre).
         Starting Raise network interfaces...
[[0;32m  OK  [0m] Created slice system-getty.slice.
[[0;32m  OK  [0m] Started Raise network interfaces.
[[0;32m  OK  [0m] Reached target Network.
         Starting Initial cloud-init job (metadata service crawler)...
[   21.266771] cloud-init[944]: Cloud-init v. 0.7.8 running 'init' at Fri, 06 Dec 2019 13:59:09 +0000. Up 18.96 seconds.
[   21.273807] cloud-init[944]: ci-info: ++++++++++++++++++++++++++++++++++++++Net device info++++++++++++++++++++++++++++++++++++++
[   21.282889] cloud-init[944]: ci-info: +--------+-------+----------------------------+---------------+-------+-------------------+
[   21.299477] cloud-init[944]: ci-info: | Device |   Up  |          Address           |      Mask     | Scope |     Hw-Address    |
[   21.305620] cloud-init[944]: ci-info: +--------+-------+----------------------------+---------------+-------+-------------------+
[   21.320965] cloud-init[944]: ci-info: | enp0s8 | False |             .              |       .       |   .   | 08:00:27:c8:d0:e9 |
[   21.332273] cloud-init[944]: ci-info: |   lo   |  True |         127.0.0.1          |   255.0.0.0   |   .   |         .         |
[   21.340585] cloud-init[944]: ci-info: |   lo   |  True |          ::1/128           |       .       |  host |         .         |
[   21.353902] cloud-init[944]: ci-info: | enp0s3 |  True |         10.0.2.15          | 255.255.255.0 |   .   | 02:fc:3e:21:ea:fe |
[   21.361336] cloud-init[944]: ci-info: | enp0s3 |  True | fe80::fc:3eff:fe21:eafe/64 |       .       |  link | 02:fc:3e:21:ea:fe |
[   21.370242] cloud-init[944]: ci-info: +--------+-------+----------------------------+---------------+-------+-------------------+
[   21.377831] cloud-init[944]: ci-info: +++++++++++++++++++++++++++Route IPv4 info++++++++++++++++++++++++++++
[   21.385958] cloud-init[944]: ci-info: +-------+-------------+----------+---------------+-----------+-------+
[   21.401079] cloud-init[944]: ci-info: | Route | Destination | Gateway  |    Genmask    | Interface | Flags |
[   21.409167] cloud-init[944]: ci-info: +-------+-------------+----------+---------------+-----------+-------+
[   21.421612] cloud-init[944]: ci-info: |   0   |   0.0.0.0   | 10.0.2.2 |    0.0.0.0    |   enp0s3  |   UG  |
[   21.427999] cloud-init[944]: ci-info: |   1   |   10.0.2.0  | 0.0.0.0  | 255.255.255.0 |   enp0s3  |   U   |
[   21.435823] cloud-init[944]: ci-info: +-------+-------------+----------+---------------+-----------+-------+
[   21.450706] cloud-init[944]: Generating public/private rsa key pair.
[   21.459067] cloud-init[944]: Your identification has been saved in /etc/ssh/ssh_host_rsa_key.
[   21.471751] cloud-init[944]: Your public key has been saved in /etc/ssh/ssh_host_rsa_key.pub.
[   21.478702] cloud-init[944]: The key fingerprint is:
[   21.492694] cloud-init[944]: SHA256:DWK3XfR0NaibrF2iOO+Bz2e5+v9BLZWVRRLAsauJcbM root@ubuntu-xenial
[   21.501179] cloud-init[944]: The key's randomart image is:
[   21.505202] cloud-init[944]: +---[RSA 2048]----+
[   21.509965] cloud-init[944]: |           .+o=+X|
[   21.517937] cloud-init[944]: |           ..= ++|
[   21.529533] cloud-init[944]: |      o o   + ...|
[   21.534413] cloud-init[944]: |     . o = o . ..|
[   21.545756] cloud-init[944]: |        S * + ...|
[   21.552057] cloud-init[944]: |        .+ X ... |
[   21.556925] cloud-init[944]: |       .o.E +  . |
[   21.561814] cloud-init[944]: |       ooo.=    .|
[   21.567065] cloud-init[944]: |        +*=oo... |
[   21.570458] cloud-init[944]: +----[SHA256]-----+
[   21.581219] cloud-init[944]: Generating public/private dsa key pair.
[   21.593976] cloud-init[944]: Your identification has been saved in /etc/ssh/ssh_host_dsa_key.
[   21.604477] cloud-init[944]: Your public key has been saved in /etc/ssh/ssh_host_dsa_key.pub.
[   21.611136] cloud-init[944]: The key fingerprint is:
[[0;32m  OK  [0m] Started Initial cloud-init job (metadata service crawler).[   21.619683] 
cloud-init[944]: SHA256:l//BNXIK38/arYJosTHamJbC/+6fSLoOOQJdxWflkVM root@ubuntu-xenial
[   21.639220] cloud-init[944]: The key's randomart image is:
[   21.649295] cloud-init[944]: +---[DSA 1024]----+
[   21.652221] cloud-init[944]: |     ..  .ooE    |
[[0;32m  OK  [0m] Reached target System Initialization.
[   21.658960] [[0;32m  OK  [0m] Listening on D-Bus System Message Bus Socket.
[[0;32m  OK  [0m] Listening on ACPID Listen Socket.
cloud-init[944]: |     .. o.o.     |
[   21.670467]          Starting LXD - unix socket.
[[0;32m  OK  [0m] Listening on UUID daemon activation socket.
         cloud-init[944]: |    .  o  ..     |Starting Socket activation for snappy daemon.
[[0;32m  OK  [0m] Started Timer to automatically refresh installed snaps.
[[0;32m  OK  [0m] Started Trigger resolvconf update for networkd DNS.

[   21.694924] cloud-init[944]: [[0;32m  OK  [0m] Started ACPI Events Check.
[[0;32m  OK  [0m] Reached target Paths.
[[0;32m  OK  [0m] Started Daily Cleanup of Temporary Directories.
[[0;32m  OK  [0m] Started Daily apt activities.
[[0;32m  OK  [0m] Reached target Timers.
[[0;32m  OK  [0m] Reached target Cloud-config availability.
[[0;32m  OK  [0m] Reached target Network is Online.
| . .       .     |
[   21.712988] cloud-init[944]: |. .     S o. . o.|
[   21.715521] cloud-init[944]: | .   .  +. .o.=..|
[   21.718186] cloud-init[944]: |  ..+  *.* ..oo. |
[   21.720713] cloud-init[944]: |   .oo*o=..... +o|
[   21.724309] cloud-init[944]: |     ==*=.o  .+o=|
[   21.726787] cloud-init[944]: +----[SHA256]-----+
         Starting iSCSI initiator daemon (iscsid)...
[[0;32m  OK  [0m] Listening on LXD - unix socket.
[[0;32m  OK  [0m] Listening on Socket activation for snappy daemon.
[   21.731549] cloud-init[944]: Generating public/private ecdsa key pair.
[   21.756679] [[0;32m  OK  [0m] Reached target Sockets.
[[0;32m  OK  [0m] Reached target Basic System.
         Starting Apply the settings specified in cloud-config...
         Starting LSB: Record successful boot for GRUB...
cloud-init         Starting LSB: MD monitoring daemon...
[944]:          Starting Pollinate to seed the pseudo random number generator...
         Starting System Logging Service...
[[0;32m  OK  [0m] Started ACPI event daemon.
         Starting LXD - container startup/shutdown...
Your identification has been saved in /etc/ssh/ssh_host_ecdsa_key.
[[0;32m  OK  [0m] Started Deferred execution scheduler.
[   21.871060] cloud-init[944]: Your public key has been saved in /etc/ssh/ssh_host_ecdsa_key.pub.
[[0;32m  OK  [0m] Started D-Bus System Message Bus.
[   21.928375] cloud-init[944]: The key fingerprint is:
[   21.940784] cloud-init[944]: SHA256:3ddAA2cyVRaG/Zj2xXL66rySm3SyJcxt6OXQGMWazB4 root@ubuntu-xenial
[   21.974748] cloud-init[944]: The key's randomart image is:
[   22.010843] cloud-init[944]: +---[ECDSA 256]---+
[   22.034508] cloud-init[944]: |            +oO++|
[   22.045027] cloud-init[944]: |             O.+ |
[   22.060524] cloud-init[944]: |              ++.|
[   22.077781] cloud-init[944]: |         . + +=o=|
[   22.090591] cloud-init[944]: |        S . E..=o|
[   22.126262] cloud-init[944]: |           + O. .|
[   22.138409] cloud-init[944]: |            @.B. |
[   22.142650] cloud-init[944]: |           oo&  .|
         Starting Accounts Service...
[[0;32m  OK  [0m] Started Snappy daemon.
         Starting Login Service...
[[0;32m  OK  [0m] Started FUSE filesystem for LXC.
         Starting /etc/rc.local Compatibility...
[   22.169765] cloud-init[944]: |            =+*o |
[   22.272715] cloud-init[944]: +----[SHA256]-----+
[   22.272912] cloud-init[944]: Generating public/private ed25519 key pair.
[   22.273042] cloud-init[944]: Your identification has been saved in /etc/ssh/ssh_host_ed25519_key.
[   22.273184] cloud-init[944]: Your public key has been saved in /etc/ssh/ssh_host_ed25519_key.pub.
[   22.273302] cloud-init[944]: The key fingerprint is:
[   22.273419] cloud-init[944]: SHA256:DuRF49pLVL8HI6+p+In+jamfrX4F0eT8agqdMx7mJ2k root@ubuntu-xenial
[   22.274977] cloud-init[944]: The key's randomart image is:
[   22.275080] cloud-init[944]: +--[ED25519 256]--+
[   22.275176] cloud-init[944]: |        o .o.    |
[   22.275274] cloud-init[944]: |       o o.+.    |
[   22.275365] cloud-init[944]: |      . + ..*    |
[   22.275456] cloud-init[944]: |     o =  .o =   |
[   22.275549] cloud-init[944]: |      + S  .o o  |
[   22.275637] cloud-init[944]: |       + o +.o   |
[[0;32m  OK  [0m] Started Regular background program processing daemon.
[[0;32m  OK  [0m] Started System Logging Service.
[   22.275729] [[0;32m  OK  [0m] Started iSCSI initiator daemon (iscsid).
[[0;32m  OK  [0m] Started /etc/rc.local Compatibility.
cloud-init[[0;32m  OK  [0m] Started LXD - container startup/shutdown.
[944]: |        + Xoo    |
[   22.508981] cloud-init[944]: |       o &E*.    |
[   22.522920] cloud-init[944]: |     .=*%+*o     |
[   22.531645] cloud-init[944]: +----[SHA256]-----+
[[0;32m  OK  [0m] Started LSB: MD monitoring daemon.
[[0;32m  OK  [0m] Started LSB: Record successful boot for GRUB.
[[0;32m  OK  [0m] Started Login Service.
         Starting Login to default iSCSI targets...
         Starting Authenticate and Authorize Users to Run Privileged Tasks...
[[0;32m  OK  [0m] Started Login to default iSCSI targets.
[[0;32m  OK  [0m] Started Authenticate and Authorize Users to Run Privileged Tasks.
[[0;32m  OK  [0m] Reached target Remote File Systems (Pre).
[[0;32m  OK  [0m] Reached target Remote File Systems.
         Starting LSB: automatic crash report generation...
         Starting Permit User Sessions...
         Starting LSB: Set the CPU Frequency Scaling governor to "ondemand"...
         Starting LSB: daemon to balance interrupts for SMP systems...
         Starting LSB: VirtualBox Linux Additions...
[[0;32m  OK  [0m] Started Accounts Service.
[[0;32m  OK  [0m] Started Permit User Sessions.
         Starting Hold until boot process finishes up...
         Starting Terminate Plymouth Boot Screen...
[[0;32m  OK  [0m] Started LSB: Set the CPU Frequency Scaling governor to "ondemand".
[[0;32m  OK  [0m] Started Hold until boot process finishes up.
         Starting Set console scheme...
[[0;32m  OK  [0m] Started Getty on tty1.
[[0;32m  OK  [0m] Started Serial Getty on ttyS0.
[[0;32m  OK  [0m] Reached target Login Prompts.
[[0;32m  OK  [0m] Started LSB: automatic crash report generation.
[[0;32m  OK  [0m] Started LSB: daemon to balance interrupts for SMP systems.
[[0;32m  OK  [0m] Started Terminate Plymouth Boot Screen.
[[0;32m  OK  [0m] Started Set console scheme.
[[0;32m  OK  [0m] Started LSB: VirtualBox Linux Additions.
[[0;32m  OK  [0m] Started Pollinate to seed the pseudo random number generator.
         Starting OpenBSD Secure Shell server...
[[0;32m  OK  [0m] Started OpenBSD Secure Shell server.
[[0;32m  OK  [0m] Reached target Multi-User System.
[[0;32m  OK  [0m] Reached target Graphical Interface.
         Starting Notify bootloader that boot was successful...
         Starting Update UTMP about System Runlevel Changes...
[[0;32m  OK  [0m] Started Notify bootloader that boot was successful.
[[0;32m  OK  [0m] Started Update UTMP about System Runlevel Changes.
[   24.205424] cloud-init[1037]: Generating locales (this might take a while)...
[   26.181431] cloud-init[1037]:   en_US.UTF-8... done
[   26.188146] cloud-init[1037]: Generation complete.
         Stopping OpenBSD Secure Shell server...
[[0;32m  OK  [0m] Stopped OpenBSD Secure Shell server.
         Starting OpenBSD Secure Shell server...
[[0;32m  OK  [0m] Started OpenBSD Secure Shell server.
[   27.283460] cloud-init[1037]: Cloud-init v. 0.7.8 running 'modules:config' at Fri, 06 Dec 2019 13:59:15 +0000. Up 24.02 seconds.
[[0;32m  OK  [0m] Started Apply the settings specified in cloud-config.
         Starting Execute cloud user/final scripts...
[[0;32m  OK  [0m] Created slice User Slice of ubuntu.
         Starting User Manager for UID 1000...
[[0;32m  OK  [0m] Started Session 1 of user ubuntu.
[[0;32m  OK  [0m] Started User Manager for UID 1000.
ci-info: no authorized ssh keys fingerprints found for user ubuntu.
<14>Dec  6 13:59:19 ec2: 
<14>Dec  6 13:59:19 ec2: #############################################################
<14>Dec  6 13:59:19 ec2: -----BEGIN SSH HOST KEY FINGERPRINTS-----
<14>Dec  6 13:59:19 ec2: 1024 SHA256:l//BNXIK38/arYJosTHamJbC/+6fSLoOOQJdxWflkVM root@ubuntu-xenial (DSA)
<14>Dec  6 13:59:19 ec2: 256 SHA256:3ddAA2cyVRaG/Zj2xXL66rySm3SyJcxt6OXQGMWazB4 root@ubuntu-xenial (ECDSA)
<14>Dec  6 13:59:19 ec2: 256 SHA256:DuRF49pLVL8HI6+p+In+jamfrX4F0eT8agqdMx7mJ2k root@ubuntu-xenial (ED25519)
<14>Dec  6 13:59:19 ec2: 2048 SHA256:DWK3XfR0NaibrF2iOO+Bz2e5+v9BLZWVRRLAsauJcbM root@ubuntu-xenial (RSA)
<14>Dec  6 13:59:19 ec2: -----END SSH HOST KEY FINGERPRINTS-----
<14>Dec  6 13:59:19 ec2: #############################################################
-----BEGIN SSH HOST KEY KEYS-----
ecdsa-sha2-nistp256 AAAAE2VjZHNhLXNoYTItbmlzdHAyNTYAAAAIbmlzdHAyNTYAAABBBIstVL6cdOa/mHb9sxmj3+G7ewGHICrlLMncn3I8xKzBk5kUm4fWfBpJS71It2H3IvOP7iW4NtFwdViIlxJuMDk= root@ubuntu-xenial
ssh-ed25519 AAAAC3NzaC1lZDI1NTE5AAAAIDh14EU72dmbmFM1zpGHBMCikfS3f9RTTWg8Lve7HdiX root@ubuntu-xenial
ssh-rsa AAAAB3NzaC1yc2EAAAADAQABAAABAQDFzBtPl4niBwXI6JxYwOF5ccnKjPwRMNAxG3QpLGJXG9VAZq+Cjp2+2agXB8WKahYlDtXuDQvvuxCF5EadLI6S5AUNU0jNXUVfPRInv0WA4bf6iK1qaaWykZemmjtf6zd0ePlmTL6202EeBFVj6feCxHO92sppzsj7pP4ahF+Ky5CkpnvOaeU9VCD86tkNRP3vg7K9D7Gk2G8sYg+9V7YokyGea2fwaQ7ClfMhSljJF0XC8srHElorSexbxDwSqPDnNWtZdEzPy0kL3bV5emcQqVGSMYCT22le+cpze+5CTdu7z2ZA6AYmFZFO13Au4YUTVLsldLbZscuc4wRUa2dt root@ubuntu-xenial
-----END SSH HOST KEY KEYS-----
[   29.100896] cloud-init[1330]: Cloud-init v. 0.7.8 running 'modules:final' at Fri, 06 Dec 2019 13:59:19 +0000. Up 28.48 seconds.
[   29.102292] cloud-init[1330]: ci-info: no authorized ssh keys fingerprints found for user ubuntu.
[   29.103272] cloud-init[1330]: Cloud-init v. 0.7.8 finished at Fri, 06 Dec 2019 13:59:20 +0000. Datasource DataSourceNoCloud [seed=/dev/sdb][dsmode=net].  Up 29.04 seconds

Ubuntu 16.04.1 LTS ubuntu-xenial ttyS0

ubuntu-xenial login: 